<?xml version="1.0" encoding="UTF-8"?>
<!-- Generated by org.testng.reporters.JUnitReportReporter -->
<testsuite hostname="LAPTOP-BKU657FU" failures="0" tests="1" name="Seleneium_Package.TestNg_first" time="0.004" errors="0" timestamp="2023-07-08T17:23:38 IST" skipped="0">
  <testcase classname="Seleneium_Package.TestNg_first" name="method" time="0.004"/>
  <system-out/>
</testsuite> <!-- Seleneium_Package.TestNg_first -->
